Using pre-set license
Built from '2021.2/staging' branch; Version is '2021.2.19f1 (602ecdbb2fb0) revision 6303437'; Using compiler version '192829333'; Build Type 'Release'
OS: 'Windows 10  (10.0.19043) 64bit Core' Language: 'en' Physical Memory: 16332 MB
BatchMode: 1, IsHumanControllingUs: 0, StartBugReporterOnCrash: 0, Is64bit: 1, IsPro: 1

COMMAND LINE ARGUMENTS:
D:\Program Files\Unity\Editor\2021.2.19f1\Editor\Unity.exe
-adb2
-batchMode
-noUpm
-name
AssetImportWorker0
-projectPath
D:/Users/Serz/Documents/Unity Projects/PracticeGame_Asteroidz/Asteroidz
-logFile
Logs/AssetImportWorker0.log
-srvPort
63443
Successfully changed project path to: D:/Users/Serz/Documents/Unity Projects/PracticeGame_Asteroidz/Asteroidz
D:/Users/Serz/Documents/Unity Projects/PracticeGame_Asteroidz/Asteroidz
[UnityMemory] Configuration Parameters - Can be set up in boot.config
    "memorysetup-bucket-allocator-granularity=16"
    "memorysetup-bucket-allocator-bucket-count=8"
    "memorysetup-bucket-allocator-block-size=33554432"
    "memorysetup-bucket-allocator-block-count=8"
    "memorysetup-main-allocator-block-size=16777216"
    "memorysetup-thread-allocator-block-size=16777216"
    "memorysetup-gfx-main-allocator-block-size=16777216"
    "memorysetup-gfx-thread-allocator-block-size=16777216"
    "memorysetup-cache-allocator-block-size=4194304"
    "memorysetup-typetree-allocator-block-size=2097152"
    "memorysetup-profiler-bucket-allocator-granularity=16"
    "memorysetup-profiler-bucket-allocator-bucket-count=8"
    "memorysetup-profiler-bucket-allocator-block-size=33554432"
    "memorysetup-profiler-bucket-allocator-block-count=8"
    "memorysetup-profiler-allocator-block-size=16777216"
    "memorysetup-profiler-editor-allocator-block-size=1048576"
    "memorysetup-temp-allocator-size-main=16777216"
    "memorysetup-job-temp-allocator-block-size=2097152"
    "memorysetup-job-temp-allocator-block-size-background=1048576"
    "memorysetup-job-temp-allocator-reduction-small-platforms=262144"
    "memorysetup-temp-allocator-size-background-worker=32768"
    "memorysetup-temp-allocator-size-job-worker=262144"
    "memorysetup-temp-allocator-size-preload-manager=33554432"
    "memorysetup-temp-allocator-size-nav-mesh-worker=65536"
    "memorysetup-temp-allocator-size-audio-worker=65536"
    "memorysetup-temp-allocator-size-cloud-worker=32768"
    "memorysetup-temp-allocator-size-gi-baking-worker=262144"
    "memorysetup-temp-allocator-size-gfx=262144"
Refreshing native plugins compatible for Editor in 184.94 ms, found 4 plugins.
Preloading 0 native plugins for Editor in 0.00 ms.
Initialize engine version: 2021.2.19f1 (602ecdbb2fb0)
[Subsystems] Discovering subsystems at path D:/Program Files/Unity/Editor/2021.2.19f1/Editor/Data/Resources/UnitySubsystems
[Subsystems] Discovering subsystems at path D:/Users/Serz/Documents/Unity Projects/PracticeGame_Asteroidz/Asteroidz/Assets
GfxDevice: creating device client; threaded=0; jobified=0
Direct3D:
    Version:  Direct3D 11.0 [level 11.1]
    Renderer: NVIDIA GeForce GTX 1660 SUPER (ID=0x21c4)
    Vendor:   NVIDIA
    VRAM:     5991 MB
    Driver:   30.0.15.1277
Initialize mono
Mono path[0] = 'D:/Program Files/Unity/Editor/2021.2.19f1/Editor/Data/Managed'
Mono path[1] = 'D:/Program Files/Unity/Editor/2021.2.19f1/Editor/Data/MonoBleedingEdge/lib/mono/unityjit-win32'
Mono config path = 'D:/Program Files/Unity/Editor/2021.2.19f1/Editor/Data/MonoBleedingEdge/etc'
Using monoOptions --debugger-agent=transport=dt_socket,embedding=1,server=y,suspend=n,address=127.0.0.1:56832
Begin MonoManager ReloadAssembly
Registering precompiled unity dll's ...
Register platform support module: D:/Program Files/Unity/Editor/2021.2.19f1/Editor/Data/PlaybackEngines/WindowsStandaloneSupport/UnityEditor.WindowsStandalone.Extensions.dll
Registered in 0.005799 seconds.
Native extension for WindowsStandalone target not found
Refreshing native plugins compatible for Editor in 162.31 ms, found 4 plugins.
Preloading 0 native plugins for Editor in 0.00 ms.
Mono: successfully reloaded assembly
- Completed reload, in  1.150 seconds
Domain Reload Profiling:
	ReloadAssembly (1151ms)
		BeginReloadAssembly (134ms)
			ExecutionOrderSort (0ms)
			DisableScriptedObjects (0ms)
			BackupInstance (0ms)
			ReleaseScriptingObjects (0ms)
			CreateAndSetChildDomain (1ms)
		EndReloadAssembly (846ms)
			LoadAssemblies (133ms)
			RebuildTransferFunctionScriptingTraits (0ms)
			SetupTypeCache (167ms)
			ReleaseScriptCaches (0ms)
			RebuildScriptCaches (61ms)
			SetupLoadedEditorAssemblies (522ms)
				LogAssemblyErrors (0ms)
				InitializePlatformSupportModulesInManaged (15ms)
				SetLoadedEditorAssemblies (0ms)
				RefreshPlugins (162ms)
				BeforeProcessingInitializeOnLoad (2ms)
				ProcessInitializeOnLoadAttributes (255ms)
				ProcessInitializeOnLoadMethodAttributes (86ms)
				AfterProcessingInitializeOnLoad (0ms)
				EditorAssembliesLoaded (0ms)
			ExecutionOrderSort2 (0ms)
			AwakeInstancesAfterBackupRestoration (0ms)
Platform modules already initialized, skipping
Registering precompiled user dll's ...
Registered in 0.010364 seconds.
Begin MonoManager ReloadAssembly
Symbol file LoadedFromMemory doesn't match image D:\Users\Serz\Documents\Unity Projects\PracticeGame_Asteroidz\Asteroidz\Library\PackageCache\com.unity.visualscripting@1.7.6\Editor\VisualScripting.Core\Dependencies\YamlDotNet\Unity.VisualScripting.YamlDotNet.dll
Symbol file LoadedFromMemory is not a mono symbol file
Symbol file LoadedFromMemory doesn't match image D:\Users\Serz\Documents\Unity Projects\PracticeGame_Asteroidz\Asteroidz\Library\PackageCache\com.unity.visualscripting@1.7.6\Editor\VisualScripting.Core\Dependencies\DotNetZip\Unity.VisualScripting.IonicZip.dll
Native extension for WindowsStandalone target not found
Refreshing native plugins compatible for Editor in 131.76 ms, found 4 plugins.
Preloading 0 native plugins for Editor in 0.00 ms.
Mono: successfully reloaded assembly
- Completed reload, in  1.834 seconds
Domain Reload Profiling:
	ReloadAssembly (1835ms)
		BeginReloadAssembly (183ms)
			ExecutionOrderSort (0ms)
			DisableScriptedObjects (9ms)
			BackupInstance (0ms)
			ReleaseScriptingObjects (0ms)
			CreateAndSetChildDomain (26ms)
		EndReloadAssembly (1435ms)
			LoadAssemblies (172ms)
			RebuildTransferFunctionScriptingTraits (0ms)
			SetupTypeCache (406ms)
			ReleaseScriptCaches (1ms)
			RebuildScriptCaches (95ms)
			SetupLoadedEditorAssemblies (705ms)
				LogAssemblyErrors (0ms)
				InitializePlatformSupportModulesInManaged (5ms)
				SetLoadedEditorAssemblies (0ms)
				RefreshPlugins (132ms)
				BeforeProcessingInitializeOnLoad (135ms)
				ProcessInitializeOnLoadAttributes (362ms)
				ProcessInitializeOnLoadMethodAttributes (65ms)
				AfterProcessingInitializeOnLoad (5ms)
				EditorAssembliesLoaded (0ms)
			ExecutionOrderSort2 (0ms)
			AwakeInstancesAfterBackupRestoration (11ms)
Platform modules already initialized, skipping
========================================================================
Worker process is ready to serve import requests
Launched and connected shader compiler UnityShaderCompiler.exe after 0.22 seconds
Refreshing native plugins compatible for Editor in 0.90 ms, found 4 plugins.
Preloading 0 native plugins for Editor in 0.00 ms.
Unloading 3918 Unused Serialized files (Serialized files now loaded: 0)
Unloading 34 unused Assets / (55.6 KB). Loaded Objects now: 4377.
Memory consumption went from 147.0 MB to 147.0 MB.
Total: 4.820000 ms (FindLiveObjects: 0.469600 ms CreateObjectMapping: 0.136100 ms MarkObjects: 4.092900 ms  DeleteObjects: 0.119300 ms)

AssetImportParameters requested are different than current active one (requested -> active):
  custom:video-decoder-ogg-theora: a1e56fd34408186e4bbccfd4996cb3dc -> 
  custom:container-muxer-webm: aa71ff27fc2769a1b78a27578f13a17b -> 
  custom:container-demuxer-webm: 4f35f7cbe854078d1ac9338744f61a02 -> 
  custom:video-encoder-webm-vp8: eb34c28f22e8b96e1ab97ce403110664 -> 
  custom:video-codec-MediaFoundation-h265: 746d11721c4dcdbdad8f713fa42b33f4 -> 
  custom:audio-encoder-webm-vorbis: bf7c407c2cedff20999df2af8eb42d56 -> 
  custom:framework-win-MediaFoundation: 216162199b28c13a410421893ffa2e32 -> 
  custom:container-demuxer-ogg: 62fdf1f143b41e24485cea50d1cbac27 -> 
  custom:video-decoder-webm-vp8: 9c59270c3fd7afecdb556c50c9e8de78 -> 
  custom:audio-decoder-ogg-vorbis: bf7c407c2cedff20999df2af8eb42d56 -> 
========================================================================
Received Import Request.
  Time since last request: 1426939.104050 seconds.
  path: Assets/asteroid1.png
  artifactKey: Guid(ec49dd10e832d584490df3b70ae5c4a2) Importer(815301076,1909f56bfc062723c751e8b465ee728b)
Start importing Assets/asteroid1.png using Guid(ec49dd10e832d584490df3b70ae5c4a2) Importer(815301076,1909f56bfc062723c751e8b465ee728b)  -> (artifact id: '2a80d7195483bc5b83774be3e0653dc7') in 0.517537 seconds 
========================================================================
Received Import Request.
  Time since last request: 0.030314 seconds.
  path: Assets/shipProjectile.png
  artifactKey: Guid(0430dc42ca8b66049a514f20f80bfce3) Importer(815301076,1909f56bfc062723c751e8b465ee728b)
Start importing Assets/shipProjectile.png using Guid(0430dc42ca8b66049a514f20f80bfce3) Importer(815301076,1909f56bfc062723c751e8b465ee728b)  -> (artifact id: 'ccbe1173a70362945a746f828a418931') in 0.043225 seconds 
========================================================================
Received Import Request.
  Time since last request: 0.000031 seconds.
  path: Assets/Scenes
  artifactKey: Guid(131a6b21c8605f84396be9f6751fb6e3) Importer(815301076,1909f56bfc062723c751e8b465ee728b)
Start importing Assets/Scenes using Guid(131a6b21c8605f84396be9f6751fb6e3) Importer(815301076,1909f56bfc062723c751e8b465ee728b)  -> (artifact id: '4935f35005d3ccd51bf39964504ff1b7') in 0.007937 seconds 
========================================================================
Received Import Request.
  Time since last request: 0.000036 seconds.
  path: Assets/shipMove.png
  artifactKey: Guid(0449553072b18604caf7e64b24365f5b) Importer(815301076,1909f56bfc062723c751e8b465ee728b)
Start importing Assets/shipMove.png using Guid(0449553072b18604caf7e64b24365f5b) Importer(815301076,1909f56bfc062723c751e8b465ee728b)  -> (artifact id: '2c3ba560643dfe0a4c276e5aa60e1c74') in 0.039049 seconds 
========================================================================
Received Import Request.
  Time since last request: 0.000038 seconds.
  path: Assets/shipIdle.png
  artifactKey: Guid(cf110af73fbce90449d3849230750403) Importer(815301076,1909f56bfc062723c751e8b465ee728b)
Start importing Assets/shipIdle.png using Guid(cf110af73fbce90449d3849230750403) Importer(815301076,1909f56bfc062723c751e8b465ee728b)  -> (artifact id: '585dc602015f147ca1f6305dd079f9f6') in 0.081956 seconds 
========================================================================
Received Import Request.
  Time since last request: 0.000032 seconds.
  path: Assets/spaceBG.png
  artifactKey: Guid(054016b793846c5428e0a6a9f12f8a42) Importer(815301076,1909f56bfc062723c751e8b465ee728b)
Start importing Assets/spaceBG.png using Guid(054016b793846c5428e0a6a9f12f8a42) Importer(815301076,1909f56bfc062723c751e8b465ee728b)  -> (artifact id: '498509b71aebf5d73e6a5c82bc8389a6') in 0.078421 seconds 
========================================================================
Received Import Request.
  Time since last request: 0.000051 seconds.
  path: Assets/Scenes/SampleScene.unity
  artifactKey: Guid(2cda990e2423bbf4892e6590ba056729) Importer(815301076,1909f56bfc062723c751e8b465ee728b)
Start importing Assets/Scenes/SampleScene.unity using Guid(2cda990e2423bbf4892e6590ba056729) Importer(815301076,1909f56bfc062723c751e8b465ee728b)  -> (artifact id: 'bd879897da743588cc6dd5494866146d') in 0.010252 seconds 
========================================================================
Received Prepare
Registering precompiled user dll's ...
Registered in 0.006143 seconds.
Begin MonoManager ReloadAssembly
Symbol file LoadedFromMemory doesn't match image D:\Users\Serz\Documents\Unity Projects\PracticeGame_Asteroidz\Asteroidz\Library\PackageCache\com.unity.visualscripting@1.7.6\Editor\VisualScripting.Core\Dependencies\YamlDotNet\Unity.VisualScripting.YamlDotNet.dll
Symbol file LoadedFromMemory is not a mono symbol file
Symbol file LoadedFromMemory doesn't match image D:\Users\Serz\Documents\Unity Projects\PracticeGame_Asteroidz\Asteroidz\Library\PackageCache\com.unity.visualscripting@1.7.6\Editor\VisualScripting.Core\Dependencies\DotNetZip\Unity.VisualScripting.IonicZip.dll
Native extension for WindowsStandalone target not found
Refreshing native plugins compatible for Editor in 0.92 ms, found 4 plugins.
Preloading 0 native plugins for Editor in 0.00 ms.
Mono: successfully reloaded assembly
- Completed reload, in  1.930 seconds
Domain Reload Profiling:
	ReloadAssembly (1931ms)
		BeginReloadAssembly (205ms)
			ExecutionOrderSort (0ms)
			DisableScriptedObjects (11ms)
			BackupInstance (0ms)
			ReleaseScriptingObjects (0ms)
			CreateAndSetChildDomain (51ms)
		EndReloadAssembly (1567ms)
			LoadAssemblies (155ms)
			RebuildTransferFunctionScriptingTraits (0ms)
			SetupTypeCache (408ms)
			ReleaseScriptCaches (2ms)
			RebuildScriptCaches (117ms)
			SetupLoadedEditorAssemblies (747ms)
				LogAssemblyErrors (0ms)
				InitializePlatformSupportModulesInManaged (23ms)
				SetLoadedEditorAssemblies (1ms)
				RefreshPlugins (1ms)
				BeforeProcessingInitializeOnLoad (148ms)
				ProcessInitializeOnLoadAttributes (479ms)
				ProcessInitializeOnLoadMethodAttributes (84ms)
				AfterProcessingInitializeOnLoad (11ms)
				EditorAssembliesLoaded (0ms)
			ExecutionOrderSort2 (0ms)
			AwakeInstancesAfterBackupRestoration (21ms)
Platform modules already initialized, skipping
Refreshing native plugins compatible for Editor in 3.98 ms, found 4 plugins.
Preloading 0 native plugins for Editor in 0.00 ms.
Unloading 3907 Unused Serialized files (Serialized files now loaded: 0)
Unloading 21 unused Assets / (24.6 KB). Loaded Objects now: 4391.
Memory consumption went from 150.7 MB to 150.7 MB.
Total: 9.131000 ms (FindLiveObjects: 0.392300 ms CreateObjectMapping: 0.152900 ms MarkObjects: 8.553500 ms  DeleteObjects: 0.030700 ms)

AssetImportParameters requested are different than current active one (requested -> active):
  custom:video-decoder-ogg-theora: a1e56fd34408186e4bbccfd4996cb3dc -> 
  custom:container-muxer-webm: aa71ff27fc2769a1b78a27578f13a17b -> 
  custom:container-demuxer-webm: 4f35f7cbe854078d1ac9338744f61a02 -> 
  custom:video-encoder-webm-vp8: eb34c28f22e8b96e1ab97ce403110664 -> 
  custom:video-codec-MediaFoundation-h265: 746d11721c4dcdbdad8f713fa42b33f4 -> 
  custom:audio-encoder-webm-vorbis: bf7c407c2cedff20999df2af8eb42d56 -> 
  custom:framework-win-MediaFoundation: 216162199b28c13a410421893ffa2e32 -> 
  custom:container-demuxer-ogg: 62fdf1f143b41e24485cea50d1cbac27 -> 
  custom:video-decoder-webm-vp8: 9c59270c3fd7afecdb556c50c9e8de78 -> 
  custom:audio-decoder-ogg-vorbis: bf7c407c2cedff20999df2af8eb42d56 -> 
========================================================================
Received Import Request.
  Time since last request: 120.659808 seconds.
  path: Assets/Prefabs/asteroid1.prefab
  artifactKey: Guid(3eddf15ba76287d4faaf3808c0583687) Importer(815301076,1909f56bfc062723c751e8b465ee728b)
Start importing Assets/Prefabs/asteroid1.prefab using Guid(3eddf15ba76287d4faaf3808c0583687) Importer(815301076,1909f56bfc062723c751e8b465ee728b)  -> (artifact id: '712537ebdfb42530ac0606fd99538e80') in 0.455458 seconds 
========================================================================
Received Import Request.
  Time since last request: 0.000033 seconds.
  path: Assets/Prefabs/ship.prefab
  artifactKey: Guid(fe41c1bf3c0688743b8b7c7b8a37b856) Importer(815301076,1909f56bfc062723c751e8b465ee728b)
Start importing Assets/Prefabs/ship.prefab using Guid(fe41c1bf3c0688743b8b7c7b8a37b856) Importer(815301076,1909f56bfc062723c751e8b465ee728b)  -> (artifact id: '596c86155eb52b9193165d57835572fd') in 0.048143 seconds 
========================================================================
Received Import Request.
  Time since last request: 0.000041 seconds.
  path: Assets/Prefabs/shipProjectile.prefab
  artifactKey: Guid(763e40b88e6532546b8a5fdb9e6c10bd) Importer(815301076,1909f56bfc062723c751e8b465ee728b)
Start importing Assets/Prefabs/shipProjectile.prefab using Guid(763e40b88e6532546b8a5fdb9e6c10bd) Importer(815301076,1909f56bfc062723c751e8b465ee728b)  -> (artifact id: '18de3144e221dbdef196a2e64a0be8d1') in 0.032149 seconds 
========================================================================
Received Import Request.
  Time since last request: 0.000034 seconds.
  path: Assets/Prefabs/asteroidDumb.prefab
  artifactKey: Guid(f1c1d907ef65f1d42a4b2df14317af20) Importer(815301076,1909f56bfc062723c751e8b465ee728b)
Start importing Assets/Prefabs/asteroidDumb.prefab using Guid(f1c1d907ef65f1d42a4b2df14317af20) Importer(815301076,1909f56bfc062723c751e8b465ee728b)  -> (artifact id: 'e4499858251a370dddd97a00db3f9e49') in 0.032979 seconds 
========================================================================
Received Import Request.
  Time since last request: 46.667504 seconds.
  path: Assets/Scripts
  artifactKey: Guid(468cae914d79f1444bc043a0e294eead) Importer(815301076,1909f56bfc062723c751e8b465ee728b)
Start importing Assets/Scripts using Guid(468cae914d79f1444bc043a0e294eead) Importer(815301076,1909f56bfc062723c751e8b465ee728b)  -> (artifact id: '55e4df04df790755726367faa914cf51') in 0.011249 seconds 
========================================================================
Received Import Request.
  Time since last request: 24.942913 seconds.
  path: Assets/Scripts/New Folder
  artifactKey: Guid(0b7dbd659804cf04085b0c058b4a6a57) Importer(815301076,1909f56bfc062723c751e8b465ee728b)
Start importing Assets/Scripts/New Folder using Guid(0b7dbd659804cf04085b0c058b4a6a57) Importer(815301076,1909f56bfc062723c751e8b465ee728b)  -> (artifact id: 'f6106d1886f8c6542603f683eb1b1e75') in 0.011432 seconds 
========================================================================
Received Import Request.
  Time since last request: 6.978274 seconds.
  path: Assets/Scripts/CollisionObjects
  artifactKey: Guid(0b7dbd659804cf04085b0c058b4a6a57) Importer(815301076,1909f56bfc062723c751e8b465ee728b)
Start importing Assets/Scripts/CollisionObjects using Guid(0b7dbd659804cf04085b0c058b4a6a57) Importer(815301076,1909f56bfc062723c751e8b465ee728b)  -> (artifact id: 'a55c62fee96e20ed8a47371af4f02935') in 0.009914 seconds 
========================================================================
Received Import Request.
  Time since last request: 2.403116 seconds.
  path: Assets/Scripts/asteroidDumb.cs
  artifactKey: Guid(af76a703134a34142ae528dffc25b893) Importer(815301076,1909f56bfc062723c751e8b465ee728b)
Start importing Assets/Scripts/asteroidDumb.cs using Guid(af76a703134a34142ae528dffc25b893) Importer(815301076,1909f56bfc062723c751e8b465ee728b)  -> (artifact id: '6941d3df64a3c6a6babfe48012a18cab') in 0.026767 seconds 
========================================================================
Received Import Request.
  Time since last request: 2.075184 seconds.
  path: Assets/Scripts/asteroidMovement.cs
  artifactKey: Guid(8316225b9b162fa41886c5ce7fca9a72) Importer(815301076,1909f56bfc062723c751e8b465ee728b)
Start importing Assets/Scripts/asteroidMovement.cs using Guid(8316225b9b162fa41886c5ce7fca9a72) Importer(815301076,1909f56bfc062723c751e8b465ee728b)  -> (artifact id: '04878bc796bde066e5bb856bd421b6f4') in 0.007725 seconds 
========================================================================
Received Prepare
Registering precompiled user dll's ...
Registered in 0.007415 seconds.
Begin MonoManager ReloadAssembly
Symbol file LoadedFromMemory doesn't match image D:\Users\Serz\Documents\Unity Projects\PracticeGame_Asteroidz\Asteroidz\Library\PackageCache\com.unity.visualscripting@1.7.6\Editor\VisualScripting.Core\Dependencies\YamlDotNet\Unity.VisualScripting.YamlDotNet.dll
Symbol file LoadedFromMemory is not a mono symbol file
Symbol file LoadedFromMemory doesn't match image D:\Users\Serz\Documents\Unity Projects\PracticeGame_Asteroidz\Asteroidz\Library\PackageCache\com.unity.visualscripting@1.7.6\Editor\VisualScripting.Core\Dependencies\DotNetZip\Unity.VisualScripting.IonicZip.dll
Native extension for WindowsStandalone target not found
Refreshing native plugins compatible for Editor in 0.91 ms, found 4 plugins.
Preloading 0 native plugins for Editor in 0.00 ms.
Mono: successfully reloaded assembly
- Completed reload, in  1.541 seconds
Domain Reload Profiling:
	ReloadAssembly (1542ms)
		BeginReloadAssembly (189ms)
			ExecutionOrderSort (0ms)
			DisableScriptedObjects (13ms)
			BackupInstance (0ms)
			ReleaseScriptingObjects (0ms)
			CreateAndSetChildDomain (48ms)
		EndReloadAssembly (1177ms)
			LoadAssemblies (150ms)
			RebuildTransferFunctionScriptingTraits (0ms)
			SetupTypeCache (374ms)
			ReleaseScriptCaches (2ms)
			RebuildScriptCaches (70ms)
			SetupLoadedEditorAssemblies (508ms)
				LogAssemblyErrors (0ms)
				InitializePlatformSupportModulesInManaged (19ms)
				SetLoadedEditorAssemblies (1ms)
				RefreshPlugins (1ms)
				BeforeProcessingInitializeOnLoad (103ms)
				ProcessInitializeOnLoadAttributes (326ms)
				ProcessInitializeOnLoadMethodAttributes (54ms)
				AfterProcessingInitializeOnLoad (5ms)
				EditorAssembliesLoaded (0ms)
			ExecutionOrderSort2 (0ms)
			AwakeInstancesAfterBackupRestoration (12ms)
Platform modules already initialized, skipping
Refreshing native plugins compatible for Editor in 3.19 ms, found 4 plugins.
Preloading 0 native plugins for Editor in 0.00 ms.
Unloading 3907 Unused Serialized files (Serialized files now loaded: 0)
Unloading 21 unused Assets / (24.7 KB). Loaded Objects now: 4398.
Memory consumption went from 150.8 MB to 150.8 MB.
Total: 4.019500 ms (FindLiveObjects: 0.384000 ms CreateObjectMapping: 0.133400 ms MarkObjects: 3.471400 ms  DeleteObjects: 0.028500 ms)

AssetImportParameters requested are different than current active one (requested -> active):
  custom:video-decoder-ogg-theora: a1e56fd34408186e4bbccfd4996cb3dc -> 
  custom:container-muxer-webm: aa71ff27fc2769a1b78a27578f13a17b -> 
  custom:container-demuxer-webm: 4f35f7cbe854078d1ac9338744f61a02 -> 
  custom:video-encoder-webm-vp8: eb34c28f22e8b96e1ab97ce403110664 -> 
  custom:video-codec-MediaFoundation-h265: 746d11721c4dcdbdad8f713fa42b33f4 -> 
  custom:audio-encoder-webm-vorbis: bf7c407c2cedff20999df2af8eb42d56 -> 
  custom:framework-win-MediaFoundation: 216162199b28c13a410421893ffa2e32 -> 
  custom:container-demuxer-ogg: 62fdf1f143b41e24485cea50d1cbac27 -> 
  custom:video-decoder-webm-vp8: 9c59270c3fd7afecdb556c50c9e8de78 -> 
  custom:audio-decoder-ogg-vorbis: bf7c407c2cedff20999df2af8eb42d56 -> 
========================================================================
Received Import Request.
  Time since last request: 18.582150 seconds.
  path: Assets/Scripts/GameControl
  artifactKey: Guid(d9619c136d6a53f4da4928cb6cb9fab3) Importer(815301076,1909f56bfc062723c751e8b465ee728b)
Start importing Assets/Scripts/GameControl using Guid(d9619c136d6a53f4da4928cb6cb9fab3) Importer(815301076,1909f56bfc062723c751e8b465ee728b)  -> (artifact id: 'c39eeec8dde4fae547c9e7c14dee4ee6') in 0.016090 seconds 
========================================================================
Received Import Request.
  Time since last request: 4.031148 seconds.
  path: Assets/Scripts/Player
  artifactKey: Guid(20e3eeeb2d06a87479b4d3b26b6ba72a) Importer(815301076,1909f56bfc062723c751e8b465ee728b)
Start importing Assets/Scripts/Player using Guid(20e3eeeb2d06a87479b4d3b26b6ba72a) Importer(815301076,1909f56bfc062723c751e8b465ee728b)  -> (artifact id: 'b6d93c9ad8c14429606df1202f717851') in 0.011201 seconds 
========================================================================
Received Prepare
Registering precompiled user dll's ...
Registered in 0.006341 seconds.
Begin MonoManager ReloadAssembly
Symbol file LoadedFromMemory doesn't match image D:\Users\Serz\Documents\Unity Projects\PracticeGame_Asteroidz\Asteroidz\Library\PackageCache\com.unity.visualscripting@1.7.6\Editor\VisualScripting.Core\Dependencies\YamlDotNet\Unity.VisualScripting.YamlDotNet.dll
Symbol file LoadedFromMemory is not a mono symbol file
Symbol file LoadedFromMemory doesn't match image D:\Users\Serz\Documents\Unity Projects\PracticeGame_Asteroidz\Asteroidz\Library\PackageCache\com.unity.visualscripting@1.7.6\Editor\VisualScripting.Core\Dependencies\DotNetZip\Unity.VisualScripting.IonicZip.dll
Native extension for WindowsStandalone target not found
Refreshing native plugins compatible for Editor in 0.95 ms, found 4 plugins.
Preloading 0 native plugins for Editor in 0.00 ms.
Mono: successfully reloaded assembly
- Completed reload, in  1.424 seconds
Domain Reload Profiling:
	ReloadAssembly (1425ms)
		BeginReloadAssembly (190ms)
			ExecutionOrderSort (0ms)
			DisableScriptedObjects (12ms)
			BackupInstance (0ms)
			ReleaseScriptingObjects (0ms)
			CreateAndSetChildDomain (54ms)
		EndReloadAssembly (1087ms)
			LoadAssemblies (136ms)
			RebuildTransferFunctionScriptingTraits (0ms)
			SetupTypeCache (319ms)
			ReleaseScriptCaches (2ms)
			RebuildScriptCaches (68ms)
			SetupLoadedEditorAssemblies (493ms)
				LogAssemblyErrors (0ms)
				InitializePlatformSupportModulesInManaged (17ms)
				SetLoadedEditorAssemblies (1ms)
				RefreshPlugins (1ms)
				BeforeProcessingInitializeOnLoad (101ms)
				ProcessInitializeOnLoadAttributes (308ms)
				ProcessInitializeOnLoadMethodAttributes (57ms)
				AfterProcessingInitializeOnLoad (8ms)
				EditorAssembliesLoaded (0ms)
			ExecutionOrderSort2 (0ms)
			AwakeInstancesAfterBackupRestoration (15ms)
Platform modules already initialized, skipping
Refreshing native plugins compatible for Editor in 3.15 ms, found 4 plugins.
Preloading 0 native plugins for Editor in 0.00 ms.
Unloading 3907 Unused Serialized files (Serialized files now loaded: 0)
Unloading 21 unused Assets / (24.7 KB). Loaded Objects now: 4401.
Memory consumption went from 151.2 MB to 151.2 MB.
Total: 5.505500 ms (FindLiveObjects: 0.381400 ms CreateObjectMapping: 0.130200 ms MarkObjects: 4.962400 ms  DeleteObjects: 0.029700 ms)

AssetImportParameters requested are different than current active one (requested -> active):
  custom:video-decoder-ogg-theora: a1e56fd34408186e4bbccfd4996cb3dc -> 
  custom:container-muxer-webm: aa71ff27fc2769a1b78a27578f13a17b -> 
  custom:container-demuxer-webm: 4f35f7cbe854078d1ac9338744f61a02 -> 
  custom:video-encoder-webm-vp8: eb34c28f22e8b96e1ab97ce403110664 -> 
  custom:video-codec-MediaFoundation-h265: 746d11721c4dcdbdad8f713fa42b33f4 -> 
  custom:audio-encoder-webm-vorbis: bf7c407c2cedff20999df2af8eb42d56 -> 
  custom:framework-win-MediaFoundation: 216162199b28c13a410421893ffa2e32 -> 
  custom:container-demuxer-ogg: 62fdf1f143b41e24485cea50d1cbac27 -> 
  custom:video-decoder-webm-vp8: 9c59270c3fd7afecdb556c50c9e8de78 -> 
  custom:audio-decoder-ogg-vorbis: bf7c407c2cedff20999df2af8eb42d56 -> 
========================================================================
Received Import Request.
  Time since last request: 7.096139 seconds.
  path: Assets/Scripts/Player/shipMovement.cs
  artifactKey: Guid(6496155001cbeff4186e5a1f35bf7098) Importer(815301076,1909f56bfc062723c751e8b465ee728b)
Start importing Assets/Scripts/Player/shipMovement.cs using Guid(6496155001cbeff4186e5a1f35bf7098) Importer(815301076,1909f56bfc062723c751e8b465ee728b)  -> (artifact id: 'a0729795636b679b64069fcb740af261') in 0.017263 seconds 
========================================================================
Received Import Request.
  Time since last request: 0.727538 seconds.
  path: Assets/Scripts/Player/shipProjectile.cs
  artifactKey: Guid(7e8bc93ac19c3814d8ac97d4aea7c23b) Importer(815301076,1909f56bfc062723c751e8b465ee728b)
Start importing Assets/Scripts/Player/shipProjectile.cs using Guid(7e8bc93ac19c3814d8ac97d4aea7c23b) Importer(815301076,1909f56bfc062723c751e8b465ee728b)  -> (artifact id: 'd7b0789c36c0dc5f6793cfb98314f59c') in 0.003434 seconds 
